<?xml version="1.0" encoding="utf-8"?><testsuites name="pytest tests"><testsuite name="pytest" errors="0" failures="0" skipped="0" tests="10" time="0.862" timestamp="2026-05-25T10:11:25.223902+00:00" hostname="agent-env-8594eeb8-5eda-4ad4-b6ef-3eb5bb4130e2"><testcase classname="backend.tests.backend_test.TestHealth" name="test_root" time="0.219" /><testcase classname="backend.tests.backend_test.TestBrochureLead" name="test_create_brochure_lead_full_payload" time="0.095" /><testcase classname="backend.tests.backend_test.TestBrochureLead" name="test_create_brochure_lead_minimum_payload" time="0.050" /><testcase classname="backend.tests.backend_test.TestBrochureLead" name="test_create_brochure_lead_invalid_email" time="0.043" /><testcase classname="backend.tests.backend_test.TestBrochureLead" name="test_create_brochure_lead_missing_required" time="0.044" /><testcase classname="backend.tests.backend_test.TestCallbackLead" name="test_create_callback_lead" time="0.101" /><testcase classname="backend.tests.backend_test.TestCallbackLead" name="test_callback_invalid_email" time="0.044" /><testcase classname="backend.tests.backend_test.TestCallbackLead" name="test_callback_missing_fields" time="0.045" /><testcase classname="backend.tests.backend_test.TestListEndpoints" name="test_list_brochure" time="0.043" /><testcase classname="backend.tests.backend_test.TestListEndpoints" name="test_list_callback" time="0.045" /></testsuite></testsuites>